mode: set
github.com/dtynn/winston/pkg/tcp/mux.go:44.51,45.22 1 1
github.com/dtynn/winston/pkg/tcp/mux.go:49.2,49.17 1 1
github.com/dtynn/winston/pkg/tcp/mux.go:53.2,55.15 3 1
github.com/dtynn/winston/pkg/tcp/mux.go:45.22,47.3 1 1
github.com/dtynn/winston/pkg/tcp/mux.go:49.17,51.3 1 0
github.com/dtynn/winston/pkg/tcp/mux.go:59.35,66.2 1 1
github.com/dtynn/winston/pkg/tcp/mux.go:69.31,70.6 1 1
github.com/dtynn/winston/pkg/tcp/mux.go:70.6,77.29 2 1
github.com/dtynn/winston/pkg/tcp/mux.go:80.3,80.17 1 1
github.com/dtynn/winston/pkg/tcp/mux.go:95.3,96.26 2 1
github.com/dtynn/winston/pkg/tcp/mux.go:77.29,78.12 1 0
github.com/dtynn/winston/pkg/tcp/mux.go:80.17,83.29 2 1
github.com/dtynn/winston/pkg/tcp/mux.go:87.4,87.34 1 1
github.com/dtynn/winston/pkg/tcp/mux.go:91.4,91.14 1 1
github.com/dtynn/winston/pkg/tcp/mux.go:83.29,85.5 1 1
github.com/dtynn/winston/pkg/tcp/mux.go:87.34,89.5 1 1
github.com/dtynn/winston/pkg/tcp/mux.go:101.31,103.86 2 1
github.com/dtynn/winston/pkg/tcp/mux.go:107.2,107.12 1 1
github.com/dtynn/winston/pkg/tcp/mux.go:103.86,105.3 1 0
github.com/dtynn/winston/pkg/tcp/mux.go:111.48,112.19 1 1
github.com/dtynn/winston/pkg/tcp/mux.go:112.19,114.3 1 1
github.com/dtynn/winston/pkg/tcp/mux.go:117.43,120.74 2 1
github.com/dtynn/winston/pkg/tcp/mux.go:127.2,128.53 2 1
github.com/dtynn/winston/pkg/tcp/mux.go:135.2,135.58 1 1
github.com/dtynn/winston/pkg/tcp/mux.go:142.2,143.20 2 1
github.com/dtynn/winston/pkg/tcp/mux.go:158.2,161.9 3 1
github.com/dtynn/winston/pkg/tcp/mux.go:120.74,124.3 3 0
github.com/dtynn/winston/pkg/tcp/mux.go:128.53,132.3 3 1
github.com/dtynn/winston/pkg/tcp/mux.go:135.58,139.3 3 0
github.com/dtynn/winston/pkg/tcp/mux.go:143.20,144.33 1 1
github.com/dtynn/winston/pkg/tcp/mux.go:150.3,154.32 2 1
github.com/dtynn/winston/pkg/tcp/mux.go:144.33,148.4 3 1
github.com/dtynn/winston/pkg/tcp/mux.go:162.25,162.25 0 1
github.com/dtynn/winston/pkg/tcp/mux.go:164.17,167.9 3 0
github.com/dtynn/winston/pkg/tcp/mux.go:173.50,175.32 1 1
github.com/dtynn/winston/pkg/tcp/mux.go:180.2,186.11 3 1
github.com/dtynn/winston/pkg/tcp/mux.go:175.32,176.82 1 1
github.com/dtynn/winston/pkg/tcp/mux.go:197.48,198.32 1 1
github.com/dtynn/winston/pkg/tcp/mux.go:205.2,205.28 1 1
github.com/dtynn/winston/pkg/tcp/mux.go:198.32,203.3 1 1
github.com/dtynn/winston/pkg/tcp/mux.go:215.54,217.9 2 1
github.com/dtynn/winston/pkg/tcp/mux.go:220.2,220.18 1 1
github.com/dtynn/winston/pkg/tcp/mux.go:217.9,219.3 1 1
github.com/dtynn/winston/pkg/tcp/mux.go:224.35,224.49 1 1
github.com/dtynn/winston/pkg/tcp/mux.go:227.37,228.39 1 1
github.com/dtynn/winston/pkg/tcp/mux.go:232.2,232.25 1 1
github.com/dtynn/winston/pkg/tcp/mux.go:228.39,230.3 1 0
github.com/dtynn/winston/pkg/tcp/mux.go:236.67,238.2 1 1
github.com/dtynn/winston/pkg/tcp/mux.go:241.101,243.16 2 1
github.com/dtynn/winston/pkg/tcp/mux.go:247.2,247.54 1 1
github.com/dtynn/winston/pkg/tcp/mux.go:251.2,251.18 1 1
github.com/dtynn/winston/pkg/tcp/mux.go:243.16,245.3 1 0
github.com/dtynn/winston/pkg/tcp/mux.go:247.54,249.3 1 0
