mode: set
github.com/dtynn/winston/pkg/tcp/mux.go:45.51,46.22 1 1
github.com/dtynn/winston/pkg/tcp/mux.go:50.2,50.17 1 1
github.com/dtynn/winston/pkg/tcp/mux.go:54.2,56.15 3 1
github.com/dtynn/winston/pkg/tcp/mux.go:46.22,48.3 1 1
github.com/dtynn/winston/pkg/tcp/mux.go:50.17,52.3 1 0
github.com/dtynn/winston/pkg/tcp/mux.go:60.20,67.2 1 1
github.com/dtynn/winston/pkg/tcp/mux.go:70.48,71.19 1 1
github.com/dtynn/winston/pkg/tcp/mux.go:71.19,73.3 1 1
github.com/dtynn/winston/pkg/tcp/mux.go:77.46,83.6 3 1
github.com/dtynn/winston/pkg/tcp/mux.go:83.6,90.29 2 1
github.com/dtynn/winston/pkg/tcp/mux.go:93.3,93.17 1 1
github.com/dtynn/winston/pkg/tcp/mux.go:108.3,109.26 2 1
github.com/dtynn/winston/pkg/tcp/mux.go:90.29,91.12 1 0
github.com/dtynn/winston/pkg/tcp/mux.go:93.17,96.29 2 1
github.com/dtynn/winston/pkg/tcp/mux.go:100.4,100.34 1 1
github.com/dtynn/winston/pkg/tcp/mux.go:104.4,104.14 1 1
github.com/dtynn/winston/pkg/tcp/mux.go:96.29,98.5 1 1
github.com/dtynn/winston/pkg/tcp/mux.go:100.34,102.5 1 1
github.com/dtynn/winston/pkg/tcp/mux.go:113.43,116.74 2 1
github.com/dtynn/winston/pkg/tcp/mux.go:123.2,124.53 2 1
github.com/dtynn/winston/pkg/tcp/mux.go:131.2,131.58 1 1
github.com/dtynn/winston/pkg/tcp/mux.go:138.2,139.20 2 1
github.com/dtynn/winston/pkg/tcp/mux.go:154.2,157.9 3 1
github.com/dtynn/winston/pkg/tcp/mux.go:116.74,120.3 3 0
github.com/dtynn/winston/pkg/tcp/mux.go:124.53,128.3 3 1
github.com/dtynn/winston/pkg/tcp/mux.go:131.58,135.3 3 0
github.com/dtynn/winston/pkg/tcp/mux.go:139.20,140.33 1 1
github.com/dtynn/winston/pkg/tcp/mux.go:146.3,150.32 2 1
github.com/dtynn/winston/pkg/tcp/mux.go:140.33,144.4 3 1
github.com/dtynn/winston/pkg/tcp/mux.go:158.25,158.25 0 1
github.com/dtynn/winston/pkg/tcp/mux.go:159.17,162.9 3 0
github.com/dtynn/winston/pkg/tcp/mux.go:168.50,170.32 1 1
github.com/dtynn/winston/pkg/tcp/mux.go:175.2,181.11 3 1
github.com/dtynn/winston/pkg/tcp/mux.go:170.32,171.82 1 1
github.com/dtynn/winston/pkg/tcp/mux.go:192.48,193.32 1 1
github.com/dtynn/winston/pkg/tcp/mux.go:200.2,200.28 1 1
github.com/dtynn/winston/pkg/tcp/mux.go:193.32,198.3 1 1
github.com/dtynn/winston/pkg/tcp/mux.go:210.54,212.9 2 1
github.com/dtynn/winston/pkg/tcp/mux.go:215.2,215.18 1 1
github.com/dtynn/winston/pkg/tcp/mux.go:212.9,214.3 1 1
github.com/dtynn/winston/pkg/tcp/mux.go:219.35,219.49 1 1
github.com/dtynn/winston/pkg/tcp/mux.go:222.37,223.19 1 1
github.com/dtynn/winston/pkg/tcp/mux.go:227.2,229.22 2 1
github.com/dtynn/winston/pkg/tcp/mux.go:233.2,233.25 1 1
github.com/dtynn/winston/pkg/tcp/mux.go:223.19,225.3 1 0
github.com/dtynn/winston/pkg/tcp/mux.go:229.22,231.3 1 0
github.com/dtynn/winston/pkg/tcp/mux.go:237.67,239.2 1 1
github.com/dtynn/winston/pkg/tcp/mux.go:242.101,244.16 2 1
github.com/dtynn/winston/pkg/tcp/mux.go:248.2,248.54 1 1
github.com/dtynn/winston/pkg/tcp/mux.go:252.2,252.18 1 1
github.com/dtynn/winston/pkg/tcp/mux.go:244.16,246.3 1 0
github.com/dtynn/winston/pkg/tcp/mux.go:248.54,250.3 1 0
